Started GET "/about" for 127.0.0.1 at 2017-10-06 18:23:16 +0800
  
ActionController::RoutingError (No route matches [GET] "/about"):
  
actionpack (5.1.1) lib/action_dispatch/middleware/debug_exceptions.rb:63:in `call'
web-console (3.5.1) lib/web_console/middleware.rb:135:in `call_app'
web-console (3.5.1) lib/web_console/middleware.rb:28:in `block in call'
web-console (3.5.1) lib/web_console/middleware.rb:18:in `catch'
web-console (3.5.1) lib/web_console/middleware.rb:18:in `call'
actionpack (5.1.1) lib/action_dispatch/middleware/show_exceptions.rb:31:in `call'
railties (5.1.1) lib/rails/rack/logger.rb:36:in `call_app'
railties (5.1.1) lib/rails/rack/logger.rb:24:in `block in call'
activesupport (5.1.1) lib/active_support/tagged_logging.rb:69:in `block in tagged'
activesupport (5.1.1) lib/active_support/tagged_logging.rb:26:in `tagged'
activesupport (5.1.1) lib/active_support/tagged_logging.rb:69:in `tagged'
railties (5.1.1) lib/rails/rack/logger.rb:24:in `call'
sprockets-rails (3.2.0) lib/sprockets/rails/quiet_assets.rb:13:in `call'
actionpack (5.1.1) lib/action_dispatch/middleware/remote_ip.rb:79:in `call'
actionpack (5.1.1) lib/action_dispatch/middleware/request_id.rb:25:in `call'
rack (2.0.3) lib/rack/method_override.rb:22:in `call'
rack (2.0.3) lib/rack/runtime.rb:22:in `call'
activesupport (5.1.1) lib/active_support/cache/strategy/local_cache_middleware.rb:27:in `call'
actionpack (5.1.1) lib/action_dispatch/middleware/executor.rb:12:in `call'
actionpack (5.1.1) lib/action_dispatch/middleware/static.rb:125:in `call'
rack (2.0.3) lib/rack/sendfile.rb:111:in `call'
railties (5.1.1) lib/rails/engine.rb:522:in `call'
puma (3.9.1) lib/puma/configuration.rb:224:in `call'
puma (3.9.1) lib/puma/server.rb:602:in `handle_request'
puma (3.9.1) lib/puma/server.rb:435:in `process_client'
puma (3.9.1) lib/puma/server.rb:299:in `block in run'
puma (3.9.1) lib/puma/thread_pool.rb:120:in `block in spawn_thread'
Started GET "/" for 127.0.0.1 at 2017-10-06 18:23:22 +0800
Processing by PagesController#homepage as HTML
  Rendering pages/homepage.html.erb within layouts/application
  Rendered pages/homepage.html.erb within layouts/application (0.6ms)
Started GET "/" for 127.0.0.1 at 2017-10-06 18:23:22 +0800
Processing by PagesController#homepage as HTML
  Rendering pages/homepage.html.erb within layouts/application
  Rendered pages/homepage.html.erb within layouts/application (0.6ms)
  Rendered application/_navbar.html.erb (1.8ms) [cache miss]
  Rendered application/_footer.html.erb (1.3ms) [cache miss]
Completed 200 OK in 6553ms (Views: 6550.4ms)


  Rendered application/_navbar.html.erb (1.9ms) [cache miss]
  Rendered application/_footer.html.erb (1.8ms) [cache miss]
Completed 200 OK in 7295ms (Views: 7072.3ms)


  [1m[35m (0.6ms)[0m  [1m[34mSELECT sqlite_version(*)[0m
  [1m[35m (1.9ms)[0m  [1m[35mCREATE TABLE "schema_migrations" ("version" varchar NOT NULL PRIMARY KEY)[0m
  [1m[35m (1.1ms)[0m  [1m[35mCREATE TABLE "ar_internal_metadata" ("key" varchar NOT NULL PRIMARY KEY, "value" varchar, "created_at" datetime NOT NULL, "updated_at" datetime NOT NULL)[0m
  [1m[35m (0.2ms)[0m  [1m[34mSELECT "schema_migrations"."version" FROM "schema_migrations" ORDER BY "schema_migrations"."version" ASC[0m
Migrating to CreateStores (20171007011532)
  [1m[35m (0.6ms)[0m  [1m[34mSELECT "schema_migrations"."version" FROM "schema_migrations" ORDER BY "schema_migrations"."version" ASC[0m
Migrating to CreateStores (20171007011532)
  [1m[35m (0.1ms)[0m  [1m[36mbegin transaction[0m
  [1m[35m (0.1ms)[0m  [1m[34mSELECT sqlite_version(*)[0m
  [1m[35m (1.0ms)[0m  [1m[35mCREATE TABLE "stores" ("id" INTEGER PRIMARY KEY AUTOINCREMENT NOT NULL, "name" varchar, "description" varchar, "phone" varchar, "address" varchar, "created_at" datetime NOT NULL, "updated_at" datetime NOT NULL)[0m
  [1m[35mSQL (0.6ms)[0m  [1m[32mINSERT INTO "schema_migrations" ("version") VALUES (?)[0m  [["version", "20171007011532"]]
  [1m[35m (0.7ms)[0m  [1m[36mcommit transaction[0m
  [1m[36mActiveRecord::InternalMetadata Load (0.5ms)[0m  [1m[34mSELECT  "ar_internal_metadata".* FROM "ar_internal_metadata" WHERE "ar_internal_metadata"."key" = ? LIMIT ?[0m  [["key", "environment"], ["LIMIT", 1]]
  [1m[35m (0.1ms)[0m  [1m[36mbegin transaction[0m
  [1m[35mSQL (1.0ms)[0m  [1m[32mINSERT INTO "ar_internal_metadata" ("key", "value", "created_at", "updated_at") VALUES (?, ?, ?, ?)[0m  [["key", "environment"], ["value", "development"], ["created_at", "2017-10-07 01:19:51.844114"], ["updated_at", "2017-10-07 01:19:51.844114"]]
  [1m[35m (1.8ms)[0m  [1m[36mcommit transaction[0m
  [1m[35m (0.2ms)[0m  [1m[34mSELECT "schema_migrations"."version" FROM "schema_migrations" ORDER BY "schema_migrations"."version" ASC[0m
Started GET "/" for 127.0.0.1 at 2017-10-07 09:20:13 +0800
  [1m[35m (0.6ms)[0m  [1m[34mSELECT "schema_migrations"."version" FROM "schema_migrations" ORDER BY "schema_migrations"."version" ASC[0m
Processing by PagesController#homepage as HTML
  Rendering pages/homepage.html.erb within layouts/application
  Rendered pages/homepage.html.erb within layouts/application (2.7ms)
  Rendered application/_navbar.html.erb (2.1ms) [cache miss]
  Rendered application/_footer.html.erb (0.6ms) [cache miss]
Completed 200 OK in 487ms (Views: 473.0ms | ActiveRecord: 0.0ms)


  [1m[35m (1.6ms)[0m  [1m[36mbegin transaction[0m
  [1m[35mSQL (2.7ms)[0m  [1m[32mINSERT INTO "stores" ("name", "description", "phone", "address", "created_at", "updated_at") VALUES (?, ?, ?, ?, ?, ?)[0m  [["name", "便當店"], ["description", "簡短敘述"], ["phone", "0800-000-000"], ["address", "test"], ["created_at", "2017-10-07 01:26:28.356095"], ["updated_at", "2017-10-07 01:26:28.356095"]]
  [1m[35m (1.3ms)[0m  [1m[36mcommit transaction[0m
  [1m[36mStore Load (2.4ms)[0m  [1m[34mSELECT  "stores".* FROM "stores" LIMIT ?[0m  [["LIMIT", 11]]
  [1m[36mStore Load (0.3ms)[0m  [1m[34mSELECT  "stores".* FROM "stores" WHERE "stores"."id" = ? LIMIT ?[0m  [["id", 1], ["LIMIT", 1]]
  [1m[35m (0.3ms)[0m  [1m[36mbegin transaction[0m
  [1m[35mSQL (0.4ms)[0m  [1m[33mUPDATE "stores" SET "name" = ?, "updated_at" = ? WHERE "stores"."id" = ?[0m  [["name", "麥當勞"], ["updated_at", "2017-10-07 01:29:30.360614"], ["id", 1]]
  [1m[35m (0.9ms)[0m  [1m[36mcommit transaction[0m
  [1m[35m (0.1ms)[0m  [1m[36mbegin transaction[0m
  [1m[35mSQL (0.5ms)[0m  [1m[31mDELETE FROM "stores" WHERE "stores"."id" = ?[0m  [["id", 1]]
  [1m[35m (1.8ms)[0m  [1m[36mcommit transaction[0m
Started GET "/" for 127.0.0.1 at 2017-10-07 13:43:42 +0800
  [1m[35m (0.6ms)[0m  [1m[34mSELECT "schema_migrations"."version" FROM "schema_migrations" ORDER BY "schema_migrations"."version" ASC[0m
Processing by PagesController#homepage as HTML
  Rendering pages/homepage.html.erb within layouts/application
  Rendered pages/homepage.html.erb within layouts/application (1.6ms)
  Rendered application/_navbar.html.erb (2.0ms) [cache miss]
  Rendered application/_footer.html.erb (0.6ms) [cache miss]
Completed 200 OK in 427ms (Views: 415.0ms | ActiveRecord: 0.0ms)


Started GET "/" for 127.0.0.1 at 2017-10-07 13:43:56 +0800
Processing by PagesController#homepage as HTML
  Rendering pages/homepage.html.erb within layouts/application
  Rendered pages/homepage.html.erb within layouts/application (0.4ms)
  Rendered application/_navbar.html.erb (1.1ms) [cache miss]
  Rendered application/_footer.html.erb (0.6ms) [cache miss]
Completed 200 OK in 45ms (Views: 43.2ms | ActiveRecord: 0.0ms)


Started GET "/pages/homepage.html.erb" for 127.0.0.1 at 2017-10-07 13:43:58 +0800
  
ActionController::RoutingError (No route matches [GET] "/pages/homepage.html.erb"):
  
actionpack (5.1.1) lib/action_dispatch/middleware/debug_exceptions.rb:63:in `call'
web-console (3.5.1) lib/web_console/middleware.rb:135:in `call_app'
web-console (3.5.1) lib/web_console/middleware.rb:28:in `block in call'
web-console (3.5.1) lib/web_console/middleware.rb:18:in `catch'
web-console (3.5.1) lib/web_console/middleware.rb:18:in `call'
actionpack (5.1.1) lib/action_dispatch/middleware/show_exceptions.rb:31:in `call'
railties (5.1.1) lib/rails/rack/logger.rb:36:in `call_app'
railties (5.1.1) lib/rails/rack/logger.rb:24:in `block in call'
activesupport (5.1.1) lib/active_support/tagged_logging.rb:69:in `block in tagged'
activesupport (5.1.1) lib/active_support/tagged_logging.rb:26:in `tagged'
activesupport (5.1.1) lib/active_support/tagged_logging.rb:69:in `tagged'
railties (5.1.1) lib/rails/rack/logger.rb:24:in `call'
sprockets-rails (3.2.0) lib/sprockets/rails/quiet_assets.rb:13:in `call'
actionpack (5.1.1) lib/action_dispatch/middleware/remote_ip.rb:79:in `call'
actionpack (5.1.1) lib/action_dispatch/middleware/request_id.rb:25:in `call'
rack (2.0.3) lib/rack/method_override.rb:22:in `call'
rack (2.0.3) lib/rack/runtime.rb:22:in `call'
activesupport (5.1.1) lib/active_support/cache/strategy/local_cache_middleware.rb:27:in `call'
actionpack (5.1.1) lib/action_dispatch/middleware/executor.rb:12:in `call'
actionpack (5.1.1) lib/action_dispatch/middleware/static.rb:125:in `call'
rack (2.0.3) lib/rack/sendfile.rb:111:in `call'
railties (5.1.1) lib/rails/engine.rb:522:in `call'
puma (3.9.1) lib/puma/configuration.rb:224:in `call'
puma (3.9.1) lib/puma/server.rb:602:in `handle_request'
puma (3.9.1) lib/puma/server.rb:435:in `process_client'
puma (3.9.1) lib/puma/server.rb:299:in `block in run'
puma (3.9.1) lib/puma/thread_pool.rb:120:in `block in spawn_thread'
Started GET "/" for 127.0.0.1 at 2017-10-07 13:44:00 +0800
Processing by PagesController#homepage as HTML
  Rendering pages/homepage.html.erb within layouts/application
  Rendered pages/homepage.html.erb within layouts/application (0.7ms)
  Rendered application/_navbar.html.erb (1.4ms) [cache miss]
  Rendered application/_footer.html.erb (1.5ms) [cache miss]
Completed 200 OK in 69ms (Views: 65.4ms | ActiveRecord: 0.0ms)


Started GET "/" for 127.0.0.1 at 2017-10-07 13:48:13 +0800
Processing by PagesController#homepage as HTML
  Rendering pages/homepage.html.erb within layouts/application
  Rendered pages/homepage.html.erb within layouts/application (4.2ms)
Completed 500 Internal Server Error in 10ms (ActiveRecord: 0.0ms)


  
ActionView::Template::Error (undefined method `each' for nil:NilClass):
    4:     <h1 class="subtitle is-6">你可以在 <code>pages/homepage.html.erb</code> 找到這個頁面。</h1>
    5: 
    6:     <ul>
    7:         <% @stores.each do|store| %>
    8:         <li><%=store.name %><li>
    9:          <% end %> 
   10:     </ul>
  
app/views/pages/homepage.html.erb:7:in `_app_views_pages_homepage_html_erb___3128080843065108907_70339293219340'
Started GET "/" for 127.0.0.1 at 2017-10-07 13:49:16 +0800
  [1m[35m (0.6ms)[0m  [1m[34mSELECT "schema_migrations"."version" FROM "schema_migrations" ORDER BY "schema_migrations"."version" ASC[0m
Processing by PagesController#homepage as HTML
  Rendering pages/homepage.html.erb within layouts/application
  Rendered pages/homepage.html.erb within layouts/application (6.5ms)
Completed 500 Internal Server Error in 24ms (ActiveRecord: 0.0ms)


  
ActionView::Template::Error (undefined method `each' for nil:NilClass):
    4:     <h1 class="subtitle is-6">你可以在 <code>pages/homepage.html.erb</code> 找到這個頁面。</h1>
    5: 
    6:     <ul>
    7:         <% @stores.each do|store| %>
    8:         <li><%=store.name %><li>
    9:          <% end %> 
   10:     </ul>
  
app/views/pages/homepage.html.erb:7:in `_app_views_pages_homepage_html_erb__3618473052051102617_70149306616980'
Started GET "/" for 127.0.0.1 at 2017-10-07 13:49:50 +0800
Processing by PagesController#homepage as HTML
  Rendering pages/homepage.html.erb within layouts/application
  Rendered pages/homepage.html.erb within layouts/application (3.6ms)
Completed 500 Internal Server Error in 9ms (ActiveRecord: 0.0ms)


  
ActionView::Template::Error (undefined method `each' for nil:NilClass):
    4:     <h1 class="subtitle is-6">你可以在 <code>pages/homepage.html.erb</code> 找到這個頁面。</h1>
    5: 
    6:     <ul>
    7:         <% @stores.each do|store| %>
    8:         <li><%=store.name %></li>
    9:          <% end %> 
   10:     </ul>
  
app/views/pages/homepage.html.erb:7:in `_app_views_pages_homepage_html_erb__3618473052051102617_70149307004520'
Started GET "/" for 127.0.0.1 at 2017-10-07 13:49:52 +0800
Processing by PagesController#homepage as HTML
  Rendering pages/homepage.html.erb within layouts/application
  Rendered pages/homepage.html.erb within layouts/application (2.6ms)
Completed 500 Internal Server Error in 7ms (ActiveRecord: 0.0ms)


  
ActionView::Template::Error (undefined method `each' for nil:NilClass):
    4:     <h1 class="subtitle is-6">你可以在 <code>pages/homepage.html.erb</code> 找到這個頁面。</h1>
    5: 
    6:     <ul>
    7:         <% @stores.each do|store| %>
    8:         <li><%=store.name %></li>
    9:          <% end %> 
   10:     </ul>
  
app/views/pages/homepage.html.erb:7:in `_app_views_pages_homepage_html_erb__3618473052051102617_70149309183220'
Started GET "/" for 127.0.0.1 at 2017-10-07 13:51:39 +0800
Processing by PagesController#homepage as HTML
  Rendering pages/homepage.html.erb within layouts/application
  Rendered pages/homepage.html.erb within layouts/application (6.3ms)
Completed 500 Internal Server Error in 11ms (ActiveRecord: 0.0ms)


  
ActionView::Template::Error (undefined method `each' for nil:NilClass):
    4:     <h1 class="subtitle is-6">你可以在 <code>pages/homepage.html.erb</code> 找到這個頁面。</h1>
    5: 
    6:     <ul>
    7:         <% @stores.each do |store| %>
    8:         <li><%=store.name %></li>
    9:          <% end %> 
   10:     </ul>
  
app/views/pages/homepage.html.erb:7:in `_app_views_pages_homepage_html_erb__3618473052051102617_70149298692920'
Started GET "/" for 127.0.0.1 at 2017-10-07 13:51:42 +0800
Processing by PagesController#homepage as HTML
  Rendering pages/homepage.html.erb within layouts/application
  Rendered pages/homepage.html.erb within layouts/application (3.7ms)
Completed 500 Internal Server Error in 11ms (ActiveRecord: 0.0ms)


  
ActionView::Template::Error (undefined method `each' for nil:NilClass):
    4:     <h1 class="subtitle is-6">你可以在 <code>pages/homepage.html.erb</code> 找到這個頁面。</h1>
    5: 
    6:     <ul>
    7:         <% @stores.each do |store| %>
    8:         <li><%=store.name %></li>
    9:          <% end %> 
   10:     </ul>
  
app/views/pages/homepage.html.erb:7:in `_app_views_pages_homepage_html_erb__3618473052051102617_70149309491540'
Started GET "/" for 127.0.0.1 at 2017-10-07 13:54:23 +0800
Processing by PagesController#homepage as HTML
  Rendering pages/homepage.html.erb within layouts/application
  Rendered pages/homepage.html.erb within layouts/application (3.6ms)
Completed 500 Internal Server Error in 11ms


  
ActionView::Template::Error (undefined method `each' for nil:NilClass):
    4:     <h1 class="subtitle is-6">你可以在 <code>pages/homepage.html.erb</code> 找到這個頁面。</h1>
    5: 
    6:     <ul>
    7:         <% @stores.each do |store| %>
    8:         <li><%=store.name %></li>
    9:          <% end %> 
   10:     </ul>
  
app/views/pages/homepage.html.erb:7:in `_app_views_pages_homepage_html_erb__3618473052051102617_70149298513220'
Started GET "/" for 127.0.0.1 at 2017-10-07 13:54:54 +0800
Processing by PagesController#homepage as HTML
  Rendering pages/homepage.html.erb within layouts/application
  [1m[36mStore Load (0.4ms)[0m  [1m[34mSELECT "stores".* FROM "stores"[0m
  Rendered pages/homepage.html.erb within layouts/application (5.0ms)
  Rendered application/_navbar.html.erb (1.5ms) [cache miss]
  Rendered application/_footer.html.erb (0.5ms) [cache miss]
Completed 200 OK in 400ms (Views: 394.6ms | ActiveRecord: 1.3ms)


Started GET "/" for 127.0.0.1 at 2017-10-07 15:43:37 +0800
  
AbstractController::ActionNotFound (The action 'index' could not be found for PagesController):
  
actionpack (5.1.1) lib/abstract_controller/base.rb:119:in `process'
actionview (5.1.1) lib/action_view/rendering.rb:30:in `process'
actionpack (5.1.1) lib/action_controller/metal.rb:189:in `dispatch'
actionpack (5.1.1) lib/action_controller/metal.rb:253:in `dispatch'
actionpack (5.1.1) lib/action_dispatch/routing/route_set.rb:49:in `dispatch'
actionpack (5.1.1) lib/action_dispatch/routing/route_set.rb:31:in `serve'
actionpack (5.1.1) lib/action_dispatch/journey/router.rb:46:in `block in serve'
actionpack (5.1.1) lib/action_dispatch/journey/router.rb:33:in `each'
actionpack (5.1.1) lib/action_dispatch/journey/router.rb:33:in `serve'
actionpack (5.1.1) lib/action_dispatch/routing/route_set.rb:832:in `call'
rack (2.0.3) lib/rack/etag.rb:25:in `call'
rack (2.0.3) lib/rack/conditional_get.rb:25:in `call'
rack (2.0.3) lib/rack/head.rb:12:in `call'
rack (2.0.3) lib/rack/session/abstract/id.rb:232:in `context'
rack (2.0.3) lib/rack/session/abstract/id.rb:226:in `call'
actionpack (5.1.1) lib/action_dispatch/middleware/cookies.rb:613:in `call'
activerecord (5.1.1) lib/active_record/migration.rb:556:in `call'
actionpack (5.1.1) lib/action_dispatch/middleware/callbacks.rb:26:in `block in call'
activesupport (5.1.1) lib/active_support/callbacks.rb:97:in `run_callbacks'
actionpack (5.1.1) lib/action_dispatch/middleware/callbacks.rb:24:in `call'
actionpack (5.1.1) lib/action_dispatch/middleware/executor.rb:12:in `call'
actionpack (5.1.1) lib/action_dispatch/middleware/debug_exceptions.rb:59:in `call'
web-console (3.5.1) lib/web_console/middleware.rb:135:in `call_app'
web-console (3.5.1) lib/web_console/middleware.rb:28:in `block in call'
web-console (3.5.1) lib/web_console/middleware.rb:18:in `catch'
web-console (3.5.1) lib/web_console/middleware.rb:18:in `call'
actionpack (5.1.1) lib/action_dispatch/middleware/show_exceptions.rb:31:in `call'
railties (5.1.1) lib/rails/rack/logger.rb:36:in `call_app'
railties (5.1.1) lib/rails/rack/logger.rb:24:in `block in call'
activesupport (5.1.1) lib/active_support/tagged_logging.rb:69:in `block in tagged'
activesupport (5.1.1) lib/active_support/tagged_logging.rb:26:in `tagged'
activesupport (5.1.1) lib/active_support/tagged_logging.rb:69:in `tagged'
railties (5.1.1) lib/rails/rack/logger.rb:24:in `call'
sprockets-rails (3.2.0) lib/sprockets/rails/quiet_assets.rb:13:in `call'
actionpack (5.1.1) lib/action_dispatch/middleware/remote_ip.rb:79:in `call'
actionpack (5.1.1) lib/action_dispatch/middleware/request_id.rb:25:in `call'
rack (2.0.3) lib/rack/method_override.rb:22:in `call'
rack (2.0.3) lib/rack/runtime.rb:22:in `call'
activesupport (5.1.1) lib/active_support/cache/strategy/local_cache_middleware.rb:27:in `call'
actionpack (5.1.1) lib/action_dispatch/middleware/executor.rb:12:in `call'
actionpack (5.1.1) lib/action_dispatch/middleware/static.rb:125:in `call'
rack (2.0.3) lib/rack/sendfile.rb:111:in `call'
railties (5.1.1) lib/rails/engine.rb:522:in `call'
puma (3.9.1) lib/puma/configuration.rb:224:in `call'
puma (3.9.1) lib/puma/server.rb:602:in `handle_request'
puma (3.9.1) lib/puma/server.rb:435:in `process_client'
puma (3.9.1) lib/puma/server.rb:299:in `block in run'
puma (3.9.1) lib/puma/thread_pool.rb:120:in `block in spawn_thread'
Started GET "/" for 127.0.0.1 at 2017-10-07 15:43:47 +0800
  
AbstractController::ActionNotFound (The action 'index' could not be found for PagesController):
  
actionpack (5.1.1) lib/abstract_controller/base.rb:119:in `process'
actionview (5.1.1) lib/action_view/rendering.rb:30:in `process'
actionpack (5.1.1) lib/action_controller/metal.rb:189:in `dispatch'
actionpack (5.1.1) lib/action_controller/metal.rb:253:in `dispatch'
actionpack (5.1.1) lib/action_dispatch/routing/route_set.rb:49:in `dispatch'
actionpack (5.1.1) lib/action_dispatch/routing/route_set.rb:31:in `serve'
actionpack (5.1.1) lib/action_dispatch/journey/router.rb:46:in `block in serve'
actionpack (5.1.1) lib/action_dispatch/journey/router.rb:33:in `each'
actionpack (5.1.1) lib/action_dispatch/journey/router.rb:33:in `serve'
actionpack (5.1.1) lib/action_dispatch/routing/route_set.rb:832:in `call'
rack (2.0.3) lib/rack/etag.rb:25:in `call'
rack (2.0.3) lib/rack/conditional_get.rb:25:in `call'
rack (2.0.3) lib/rack/head.rb:12:in `call'
rack (2.0.3) lib/rack/session/abstract/id.rb:232:in `context'
rack (2.0.3) lib/rack/session/abstract/id.rb:226:in `call'
actionpack (5.1.1) lib/action_dispatch/middleware/cookies.rb:613:in `call'
activerecord (5.1.1) lib/active_record/migration.rb:556:in `call'
actionpack (5.1.1) lib/action_dispatch/middleware/callbacks.rb:26:in `block in call'
activesupport (5.1.1) lib/active_support/callbacks.rb:97:in `run_callbacks'
actionpack (5.1.1) lib/action_dispatch/middleware/callbacks.rb:24:in `call'
actionpack (5.1.1) lib/action_dispatch/middleware/executor.rb:12:in `call'
actionpack (5.1.1) lib/action_dispatch/middleware/debug_exceptions.rb:59:in `call'
web-console (3.5.1) lib/web_console/middleware.rb:135:in `call_app'
web-console (3.5.1) lib/web_console/middleware.rb:28:in `block in call'
web-console (3.5.1) lib/web_console/middleware.rb:18:in `catch'
web-console (3.5.1) lib/web_console/middleware.rb:18:in `call'
actionpack (5.1.1) lib/action_dispatch/middleware/show_exceptions.rb:31:in `call'
railties (5.1.1) lib/rails/rack/logger.rb:36:in `call_app'
railties (5.1.1) lib/rails/rack/logger.rb:24:in `block in call'
activesupport (5.1.1) lib/active_support/tagged_logging.rb:69:in `block in tagged'
activesupport (5.1.1) lib/active_support/tagged_logging.rb:26:in `tagged'
activesupport (5.1.1) lib/active_support/tagged_logging.rb:69:in `tagged'
railties (5.1.1) lib/rails/rack/logger.rb:24:in `call'
sprockets-rails (3.2.0) lib/sprockets/rails/quiet_assets.rb:13:in `call'
actionpack (5.1.1) lib/action_dispatch/middleware/remote_ip.rb:79:in `call'
actionpack (5.1.1) lib/action_dispatch/middleware/request_id.rb:25:in `call'
rack (2.0.3) lib/rack/method_override.rb:22:in `call'
rack (2.0.3) lib/rack/runtime.rb:22:in `call'
activesupport (5.1.1) lib/active_support/cache/strategy/local_cache_middleware.rb:27:in `call'
actionpack (5.1.1) lib/action_dispatch/middleware/executor.rb:12:in `call'
actionpack (5.1.1) lib/action_dispatch/middleware/static.rb:125:in `call'
rack (2.0.3) lib/rack/sendfile.rb:111:in `call'
railties (5.1.1) lib/rails/engine.rb:522:in `call'
puma (3.9.1) lib/puma/configuration.rb:224:in `call'
puma (3.9.1) lib/puma/server.rb:602:in `handle_request'
puma (3.9.1) lib/puma/server.rb:435:in `process_client'
puma (3.9.1) lib/puma/server.rb:299:in `block in run'
puma (3.9.1) lib/puma/thread_pool.rb:120:in `block in spawn_thread'
Started GET "/" for 127.0.0.1 at 2017-10-07 15:43:57 +0800
Processing by PagesController#index as HTML
Completed 406 Not Acceptable in 63ms


  
ActionController::UnknownFormat (PagesController#index is missing a template for this request format and variant.

request.formats: ["text/html"]
request.variant: []

NOTE! For XHR/Ajax or API requests, this action would normally respond with 204 No Content: an empty white screen. Since you're loading it in a web browser, we assume that you expected to actually render a template, not nothing, so we're showing an error to be extra-clear. If you expect 204 No Content, carry on. That's what you'll get from an XHR or API request. Give it a shot.):
  
actionpack (5.1.1) lib/action_controller/metal/implicit_render.rb:53:in `default_render'
actionpack (5.1.1) lib/action_controller/metal/basic_implicit_render.rb:4:in `block in send_action'
actionpack (5.1.1) lib/action_controller/metal/basic_implicit_render.rb:4:in `tap'
actionpack (5.1.1) lib/action_controller/metal/basic_implicit_render.rb:4:in `send_action'
actionpack (5.1.1) lib/abstract_controller/base.rb:186:in `process_action'
actionpack (5.1.1) lib/action_controller/metal/rendering.rb:30:in `process_action'
actionpack (5.1.1) lib/abstract_controller/callbacks.rb:20:in `block in process_action'
activesupport (5.1.1) lib/active_support/callbacks.rb:131:in `run_callbacks'
actionpack (5.1.1) lib/abstract_controller/callbacks.rb:19:in `process_action'
actionpack (5.1.1) lib/action_controller/metal/rescue.rb:20:in `process_action'
actionpack (5.1.1) lib/action_controller/metal/instrumentation.rb:32:in `block in process_action'
activesupport (5.1.1) lib/active_support/notifications.rb:166:in `block in instrument'
activesupport (5.1.1) lib/active_support/notifications/instrumenter.rb:21:in `instrument'
activesupport (5.1.1) lib/active_support/notifications.rb:166:in `instrument'
actionpack (5.1.1) lib/action_controller/metal/instrumentation.rb:30:in `process_action'
actionpack (5.1.1) lib/action_controller/metal/params_wrapper.rb:252:in `process_action'
activerecord (5.1.1) lib/active_record/railties/controller_runtime.rb:22:in `process_action'
actionpack (5.1.1) lib/abstract_controller/base.rb:124:in `process'
actionview (5.1.1) lib/action_view/rendering.rb:30:in `process'
actionpack (5.1.1) lib/action_controller/metal.rb:189:in `dispatch'
actionpack (5.1.1) lib/action_controller/metal.rb:253:in `dispatch'
actionpack (5.1.1) lib/action_dispatch/routing/route_set.rb:49:in `dispatch'
actionpack (5.1.1) lib/action_dispatch/routing/route_set.rb:31:in `serve'
actionpack (5.1.1) lib/action_dispatch/journey/router.rb:46:in `block in serve'
actionpack (5.1.1) lib/action_dispatch/journey/router.rb:33:in `each'
actionpack (5.1.1) lib/action_dispatch/journey/router.rb:33:in `serve'
actionpack (5.1.1) lib/action_dispatch/routing/route_set.rb:832:in `call'
rack (2.0.3) lib/rack/etag.rb:25:in `call'
rack (2.0.3) lib/rack/conditional_get.rb:25:in `call'
rack (2.0.3) lib/rack/head.rb:12:in `call'
rack (2.0.3) lib/rack/session/abstract/id.rb:232:in `context'
rack (2.0.3) lib/rack/session/abstract/id.rb:226:in `call'
actionpack (5.1.1) lib/action_dispatch/middleware/cookies.rb:613:in `call'
activerecord (5.1.1) lib/active_record/migration.rb:556:in `call'
actionpack (5.1.1) lib/action_dispatch/middleware/callbacks.rb:26:in `block in call'
activesupport (5.1.1) lib/active_support/callbacks.rb:97:in `run_callbacks'
actionpack (5.1.1) lib/action_dispatch/middleware/callbacks.rb:24:in `call'
actionpack (5.1.1) lib/action_dispatch/middleware/executor.rb:12:in `call'
actionpack (5.1.1) lib/action_dispatch/middleware/debug_exceptions.rb:59:in `call'
web-console (3.5.1) lib/web_console/middleware.rb:135:in `call_app'
web-console (3.5.1) lib/web_console/middleware.rb:28:in `block in call'
web-console (3.5.1) lib/web_console/middleware.rb:18:in `catch'
web-console (3.5.1) lib/web_console/middleware.rb:18:in `call'
actionpack (5.1.1) lib/action_dispatch/middleware/show_exceptions.rb:31:in `call'
railties (5.1.1) lib/rails/rack/logger.rb:36:in `call_app'
railties (5.1.1) lib/rails/rack/logger.rb:24:in `block in call'
activesupport (5.1.1) lib/active_support/tagged_logging.rb:69:in `block in tagged'
activesupport (5.1.1) lib/active_support/tagged_logging.rb:26:in `tagged'
activesupport (5.1.1) lib/active_support/tagged_logging.rb:69:in `tagged'
railties (5.1.1) lib/rails/rack/logger.rb:24:in `call'
sprockets-rails (3.2.0) lib/sprockets/rails/quiet_assets.rb:13:in `call'
actionpack (5.1.1) lib/action_dispatch/middleware/remote_ip.rb:79:in `call'
actionpack (5.1.1) lib/action_dispatch/middleware/request_id.rb:25:in `call'
rack (2.0.3) lib/rack/method_override.rb:22:in `call'
rack (2.0.3) lib/rack/runtime.rb:22:in `call'
activesupport (5.1.1) lib/active_support/cache/strategy/local_cache_middleware.rb:27:in `call'
actionpack (5.1.1) lib/action_dispatch/middleware/executor.rb:12:in `call'
actionpack (5.1.1) lib/action_dispatch/middleware/static.rb:125:in `call'
rack (2.0.3) lib/rack/sendfile.rb:111:in `call'
railties (5.1.1) lib/rails/engine.rb:522:in `call'
puma (3.9.1) lib/puma/configuration.rb:224:in `call'
puma (3.9.1) lib/puma/server.rb:602:in `handle_request'
puma (3.9.1) lib/puma/server.rb:435:in `process_client'
puma (3.9.1) lib/puma/server.rb:299:in `block in run'
puma (3.9.1) lib/puma/thread_pool.rb:120:in `block in spawn_thread'
Started GET "/" for 127.0.0.1 at 2017-10-07 15:44:40 +0800
Processing by PagesController#homepage as HTML
  Rendering pages/homepage.html.erb within layouts/application
  [1m[36mStore Load (1.1ms)[0m  [1m[34mSELECT "stores".* FROM "stores"[0m
  Rendered pages/homepage.html.erb within layouts/application (7.1ms)
  Rendered application/_navbar.html.erb (1.9ms) [cache miss]
  Rendered application/_footer.html.erb (0.5ms) [cache miss]
Completed 200 OK in 58ms (Views: 50.5ms | ActiveRecord: 2.1ms)


Started GET "/" for 127.0.0.1 at 2017-10-07 15:51:30 +0800
Processing by PagesController#homepage as HTML
  Rendering pages/homepage.html.erb within layouts/application
  [1m[36mStore Load (1.4ms)[0m  [1m[34mSELECT "stores".* FROM "stores"[0m
  Rendered pages/homepage.html.erb within layouts/application (11.7ms)
  Rendered application/_navbar.html.erb (2.4ms) [cache miss]
  Rendered application/_footer.html.erb (0.6ms) [cache miss]
Completed 200 OK in 193ms (Views: 179.4ms | ActiveRecord: 1.4ms)


Started GET "/" for 127.0.0.1 at 2017-10-07 15:53:17 +0800
  [1m[35m (0.6ms)[0m  [1m[34mSELECT "schema_migrations"."version" FROM "schema_migrations" ORDER BY "schema_migrations"."version" ASC[0m
Processing by PagesController#homepage as HTML
  Rendering pages/homepage.html.erb within layouts/application
  [1m[36mStore Load (0.3ms)[0m  [1m[34mSELECT "stores".* FROM "stores"[0m
  Rendered pages/homepage.html.erb within layouts/application (4.1ms)
  Rendered application/_navbar.html.erb (1.6ms) [cache miss]
  Rendered application/_footer.html.erb (0.6ms) [cache miss]
Completed 200 OK in 361ms (Views: 343.4ms | ActiveRecord: 0.8ms)


Started GET "/" for 127.0.0.1 at 2017-10-07 15:53:27 +0800
Processing by PagesController#homepage as HTML
  Rendering pages/homepage.html.erb within layouts/application
  [1m[36mStore Load (0.2ms)[0m  [1m[34mSELECT "stores".* FROM "stores"[0m
  Rendered pages/homepage.html.erb within layouts/application (2.3ms)
  Rendered application/_navbar.html.erb (1.1ms) [cache miss]
  Rendered application/_footer.html.erb (0.3ms) [cache miss]
Completed 200 OK in 57ms (Views: 55.0ms | ActiveRecord: 0.4ms)


Started GET "/homepage" for 127.0.0.1 at 2017-10-07 15:53:28 +0800
  
ActionController::RoutingError (No route matches [GET] "/homepage"):
  
actionpack (5.1.1) lib/action_dispatch/middleware/debug_exceptions.rb:63:in `call'
web-console (3.5.1) lib/web_console/middleware.rb:135:in `call_app'
web-console (3.5.1) lib/web_console/middleware.rb:28:in `block in call'
web-console (3.5.1) lib/web_console/middleware.rb:18:in `catch'
web-console (3.5.1) lib/web_console/middleware.rb:18:in `call'
actionpack (5.1.1) lib/action_dispatch/middleware/show_exceptions.rb:31:in `call'
railties (5.1.1) lib/rails/rack/logger.rb:36:in `call_app'
railties (5.1.1) lib/rails/rack/logger.rb:24:in `block in call'
activesupport (5.1.1) lib/active_support/tagged_logging.rb:69:in `block in tagged'
activesupport (5.1.1) lib/active_support/tagged_logging.rb:26:in `tagged'
activesupport (5.1.1) lib/active_support/tagged_logging.rb:69:in `tagged'
railties (5.1.1) lib/rails/rack/logger.rb:24:in `call'
sprockets-rails (3.2.0) lib/sprockets/rails/quiet_assets.rb:13:in `call'
actionpack (5.1.1) lib/action_dispatch/middleware/remote_ip.rb:79:in `call'
actionpack (5.1.1) lib/action_dispatch/middleware/request_id.rb:25:in `call'
rack (2.0.3) lib/rack/method_override.rb:22:in `call'
rack (2.0.3) lib/rack/runtime.rb:22:in `call'
activesupport (5.1.1) lib/active_support/cache/strategy/local_cache_middleware.rb:27:in `call'
actionpack (5.1.1) lib/action_dispatch/middleware/executor.rb:12:in `call'
actionpack (5.1.1) lib/action_dispatch/middleware/static.rb:125:in `call'
rack (2.0.3) lib/rack/sendfile.rb:111:in `call'
railties (5.1.1) lib/rails/engine.rb:522:in `call'
puma (3.9.1) lib/puma/configuration.rb:224:in `call'
puma (3.9.1) lib/puma/server.rb:602:in `handle_request'
puma (3.9.1) lib/puma/server.rb:435:in `process_client'
puma (3.9.1) lib/puma/server.rb:299:in `block in run'
puma (3.9.1) lib/puma/thread_pool.rb:120:in `block in spawn_thread'
Started GET "/homepage" for 127.0.0.1 at 2017-10-07 15:53:29 +0800
  
ActionController::RoutingError (No route matches [GET] "/homepage"):
  
actionpack (5.1.1) lib/action_dispatch/middleware/debug_exceptions.rb:63:in `call'
web-console (3.5.1) lib/web_console/middleware.rb:135:in `call_app'
web-console (3.5.1) lib/web_console/middleware.rb:28:in `block in call'
web-console (3.5.1) lib/web_console/middleware.rb:18:in `catch'
web-console (3.5.1) lib/web_console/middleware.rb:18:in `call'
actionpack (5.1.1) lib/action_dispatch/middleware/show_exceptions.rb:31:in `call'
railties (5.1.1) lib/rails/rack/logger.rb:36:in `call_app'
railties (5.1.1) lib/rails/rack/logger.rb:24:in `block in call'
activesupport (5.1.1) lib/active_support/tagged_logging.rb:69:in `block in tagged'
activesupport (5.1.1) lib/active_support/tagged_logging.rb:26:in `tagged'
activesupport (5.1.1) lib/active_support/tagged_logging.rb:69:in `tagged'
railties (5.1.1) lib/rails/rack/logger.rb:24:in `call'
sprockets-rails (3.2.0) lib/sprockets/rails/quiet_assets.rb:13:in `call'
actionpack (5.1.1) lib/action_dispatch/middleware/remote_ip.rb:79:in `call'
actionpack (5.1.1) lib/action_dispatch/middleware/request_id.rb:25:in `call'
rack (2.0.3) lib/rack/method_override.rb:22:in `call'
rack (2.0.3) lib/rack/runtime.rb:22:in `call'
activesupport (5.1.1) lib/active_support/cache/strategy/local_cache_middleware.rb:27:in `call'
actionpack (5.1.1) lib/action_dispatch/middleware/executor.rb:12:in `call'
actionpack (5.1.1) lib/action_dispatch/middleware/static.rb:125:in `call'
rack (2.0.3) lib/rack/sendfile.rb:111:in `call'
railties (5.1.1) lib/rails/engine.rb:522:in `call'
puma (3.9.1) lib/puma/configuration.rb:224:in `call'
puma (3.9.1) lib/puma/server.rb:602:in `handle_request'
puma (3.9.1) lib/puma/server.rb:435:in `process_client'
puma (3.9.1) lib/puma/server.rb:299:in `block in run'
puma (3.9.1) lib/puma/thread_pool.rb:120:in `block in spawn_thread'
Started GET "/" for 127.0.0.1 at 2017-10-07 15:53:33 +0800
Processing by PagesController#homepage as HTML
  Rendering pages/homepage.html.erb within layouts/application
  [1m[36mStore Load (0.2ms)[0m  [1m[34mSELECT "stores".* FROM "stores"[0m
  Rendered pages/homepage.html.erb within layouts/application (1.5ms)
  Rendered application/_navbar.html.erb (3.1ms) [cache miss]
  Rendered application/_footer.html.erb (0.9ms) [cache miss]
Completed 200 OK in 68ms (Views: 65.5ms | ActiveRecord: 0.2ms)


Started GET "/" for 127.0.0.1 at 2017-10-07 15:57:20 +0800
  [1m[35m (0.5ms)[0m  [1m[34mSELECT "schema_migrations"."version" FROM "schema_migrations" ORDER BY "schema_migrations"."version" ASC[0m
Processing by PagesController#homepage as HTML
  Rendering pages/homepage.html.erb within layouts/application
  [1m[36mStore Load (0.7ms)[0m  [1m[34mSELECT "stores".* FROM "stores"[0m
  Rendered pages/homepage.html.erb within layouts/application (4.9ms)
  Rendered application/_navbar.html.erb (2.1ms) [cache miss]
  Rendered application/_footer.html.erb (0.5ms) [cache miss]
Completed 200 OK in 324ms (Views: 304.1ms | ActiveRecord: 1.1ms)


Started GET "/" for 127.0.0.1 at 2017-10-07 16:08:08 +0800
  [1m[35m (0.6ms)[0m  [1m[34mSELECT "schema_migrations"."version" FROM "schema_migrations" ORDER BY "schema_migrations"."version" ASC[0m
Processing by PagesController#homepage as HTML
  Rendering pages/homepage.html.erb within layouts/application
  [1m[36mStore Load (0.6ms)[0m  [1m[34mSELECT "stores".* FROM "stores"[0m
  Rendered pages/homepage.html.erb within layouts/application (4.5ms)
  Rendered application/_navbar.html.erb (1.8ms) [cache miss]
  Rendered application/_footer.html.erb (0.6ms) [cache miss]
Completed 200 OK in 412ms (Views: 396.9ms | ActiveRecord: 1.0ms)


  [1m[36mStore Load (2.8ms)[0m  [1m[34mSELECT  "stores".* FROM "stores" LIMIT ?[0m  [["LIMIT", 11]]
  [1m[35m (0.1ms)[0m  [1m[36mbegin transaction[0m
  [1m[35mSQL (0.7ms)[0m  [1m[32mINSERT INTO "stores" ("name", "description", "phone", "address", "created_at", "updated_at") VALUES (?, ?, ?, ?, ?, ?)[0m  [["name", "速食店"], ["description", "爛"], ["phone", "123"], ["address", "大便"], ["created_at", "2017-10-07 08:15:11.836659"], ["updated_at", "2017-10-07 08:15:11.836659"]]
  [1m[35m (0.8ms)[0m  [1m[36mcommit transaction[0m
Started GET "/" for 127.0.0.1 at 2017-10-07 16:15:24 +0800
  [1m[35m (0.6ms)[0m  [1m[34mSELECT "schema_migrations"."version" FROM "schema_migrations" ORDER BY "schema_migrations"."version" ASC[0m
Processing by PagesController#homepage as HTML
  Rendering pages/homepage.html.erb within layouts/application
  [1m[36mStore Load (0.6ms)[0m  [1m[34mSELECT "stores".* FROM "stores"[0m
  Rendered pages/homepage.html.erb within layouts/application (108.4ms)
  Rendered application/_navbar.html.erb (2.6ms) [cache miss]
  Rendered application/_footer.html.erb (0.9ms) [cache miss]
Completed 200 OK in 183ms (Views: 172.1ms | ActiveRecord: 1.5ms)


